[debug] [2022-08-06T17:22:29.678Z] ----------------------------------------------------------------------
[debug] [2022-08-06T17:22:29.680Z] Command:       C:\Program Files\nodejs\node.exe C:\Users\asus\AppData\Roaming\npm\node_modules\firebase-tools\lib\bin\firebase.js init
[debug] [2022-08-06T17:22:29.680Z] CLI Version:   11.4.2
[debug] [2022-08-06T17:22:29.680Z] Platform:      win32
[debug] [2022-08-06T17:22:29.681Z] Node Version:  v16.14.0
[debug] [2022-08-06T17:22:29.682Z] Time:          Sat Aug 06 2022 22:52:29 GMT+0530 (India Standard Time)
[debug] [2022-08-06T17:22:29.682Z] ----------------------------------------------------------------------
[debug] 
[debug] [2022-08-06T17:22:29.685Z] >>> [apiv2][query] GET https://firebase-public.firebaseio.com/cli.json [none]
[debug] [2022-08-06T17:22:29.712Z] > command requires scopes: ["email","openid","https://www.googleapis.com/auth/cloudplatformprojects.readonly","https://www.googleapis.com/auth/firebase","https://www.googleapis.com/auth/cloud-platform"]
[debug] [2022-08-06T17:22:29.712Z] > authorizing via signed-in user (harshadbhure12345@gmail.com)
[info] 
     ######## #### ########  ######## ########     ###     ######  ########
     ##        ##  ##     ## ##       ##     ##  ##   ##  ##       ##
     ######    ##  ########  ######   ########  #########  ######  ######
     ##        ##  ##    ##  ##       ##     ## ##     ##       ## ##
     ##       #### ##     ## ######## ########  ##     ##  ######  ########

You're about to initialize a Firebase project in this directory:

  C:\Users\asus\Desktop\Lets React\Pizza Dilvery App

[debug] [2022-08-06T17:22:30.387Z] <<< [apiv2][status] GET https://firebase-public.firebaseio.com/cli.json 200
[debug] [2022-08-06T17:22:30.388Z] <<< [apiv2][body] GET https://firebase-public.firebaseio.com/cli.json {"cloudBuildErrorAfter":1594252800000,"cloudBuildWarnAfter":1590019200000,"defaultNode10After":1594252800000,"minVersion":"3.0.5","node8DeploysDisabledAfter":1613390400000,"node8RuntimeDisabledAfter":1615809600000,"node8WarnAfter":1600128000000}
[info] 
=== Project Setup
[info] 
[info] First, let's associate this project directory with a Firebase project.
[info] You can create multiple project aliases by running firebase use --add, 
[info] but for now we'll just set up a default project.
[info] 
[debug] [2022-08-06T17:23:31.242Z] > refreshing access token with scopes: []
[debug] [2022-08-06T17:23:31.243Z] >>> [apiv2][query] POST https://www.googleapis.com/oauth2/v3/token [none]
[debug] [2022-08-06T17:23:31.243Z] >>> [apiv2][body] POST https://www.googleapis.com/oauth2/v3/token [omitted]
[debug] [2022-08-06T17:23:31.603Z] <<< [apiv2][status] POST https://www.googleapis.com/oauth2/v3/token 200
[debug] [2022-08-06T17:23:31.603Z] <<< [apiv2][body] POST https://www.googleapis.com/oauth2/v3/token [omitted]
[debug] [2022-08-06T17:23:31.618Z] >>> [apiv2][query] GET https://firebase.googleapis.com/v1beta1/projects pageSize=100
[debug] [2022-08-06T17:23:32.452Z] <<< [apiv2][status] GET https://firebase.googleapis.com/v1beta1/projects 200
[debug] [2022-08-06T17:23:32.452Z] <<< [apiv2][body] GET https://firebase.googleapis.com/v1beta1/projects [omitted]
[info] i  Using project breakfast-with-hb (BreakFast with HB) 
[info] 
=== Hosting Setup
[info] 
[info] Your public directory is the folder (relative to your project directory) that
[info] will contain Hosting assets to be uploaded with firebase deploy. If you
[info] have a build process for your assets, use your build's output directory.
[info] 
[debug] [2022-08-06T17:25:09.866Z] >>> [apiv2][query] GET https://www.gstatic.com/firebasejs/releases.json [none]
[debug] [2022-08-06T17:25:10.111Z] <<< [apiv2][status] GET https://www.gstatic.com/firebasejs/releases.json 200
[debug] [2022-08-06T17:25:10.111Z] <<< [apiv2][body] GET https://www.gstatic.com/firebasejs/releases.json {"current":{"version":"9.9.2","browserURL":"https://www.gstatic.com/firebasejs/9.9.2/firebase.js","packageURL":"https://www.gstatic.com/firebasejs/9.9.2/firebase.tgz"},"live":{"version":"9.9","browserURL":"https://www.gstatic.com/firebasejs/live/9.9/firebase.js","packageURL":"https://www.gstatic.com/firebasejs/live/9.9/firebase.tgz"},"components":{"analytics":"https://www.gstatic.com/firebasejs/9.9.2/firebase-analytics.js","app":"https://www.gstatic.com/firebasejs/9.9.2/firebase-app.js","app-check":"https://www.gstatic.com/firebasejs/9.9.2/firebase-app-check.js","auth":"https://www.gstatic.com/firebasejs/9.9.2/firebase-auth.js","auth/cordova":"https://www.gstatic.com/firebasejs/9.9.2/firebase-auth/cordova.js","auth/react-native":"https://www.gstatic.com/firebasejs/9.9.2/firebase-auth/react-native.js","functions":"https://www.gstatic.com/firebasejs/9.9.2/firebase-functions.js","firestore":"https://www.gstatic.com/firebasejs/9.9.2/firebase-firestore.js","firestore/lite":"https://www.gstatic.com/firebasejs/9.9.2/firebase-firestore/lite.js","installations":"https://www.gstatic.com/firebasejs/9.9.2/firebase-installations.js","storage":"https://www.gstatic.com/firebasejs/9.9.2/firebase-storage.js","performance":"https://www.gstatic.com/firebasejs/9.9.2/firebase-performance.js","remote-config":"https://www.gstatic.com/firebasejs/9.9.2/firebase-remote-config.js","messaging":"https://www.gstatic.com/firebasejs/9.9.2/firebase-messaging.js","messaging/sw":"https://www.gstatic.com/firebasejs/9.9.2/firebase-messaging/sw.js","database":"https://www.gstatic.com/firebasejs/9.9.2/firebase-database.js","firestore.memory":"https://www.gstatic.com/firebasejs/9.9.2/firebase-firestore.memory.js"}}
[info] +  Wrote build/index.html 
[info] 
[info] i  Didn't detect a .git folder. Assuming C:\Users\asus\Desktop\Lets React\Pizza Dilvery App is the project root. 
[info] i  Authorizing with GitHub to upload your service account to a GitHub repository's secrets store. 
[info] 
[info] Visit this URL on this device to log in:
[info] https://github.com/login/oauth/authorize?client_id=89cf50f02ac6aaed3484&state=935335995&redirect_uri=http%3A%2F%2Flocalhost%3A9005&scope=read%3Auser%20repo%20public_repo
[info] 
[info] Waiting for authentication...
[debug] [2022-08-06T17:25:11.031Z] >>> [apiv2][query] POST https://github.com/login/oauth/access_token [none]
[debug] [2022-08-06T17:25:11.032Z] >>> [apiv2][body] POST https://github.com/login/oauth/access_token [stream]
[debug] [2022-08-06T17:25:11.434Z] <<< [apiv2][status] POST https://github.com/login/oauth/access_token 200
[debug] [2022-08-06T17:25:11.434Z] <<< [apiv2][body] POST https://github.com/login/oauth/access_token {"access_token":"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","token_type":"bearer","scope":"read:user,repo"}
[debug] [2022-08-06T17:25:11.440Z] >>> [apiv2][query] GET https://api.github.com/user [none]
[debug] [2022-08-06T17:25:11.945Z] <<< [apiv2][status] GET https://api.github.com/user 200
[debug] [2022-08-06T17:25:11.946Z] <<< [apiv2][body] GET https://api.github.com/user {"login":"harshad63001","id":74849648,"node_id":"MDQ6VXNlcjc0ODQ5NjQ4","avatar_url":"https://avatars.githubusercontent.com/u/74849648?v=4","gravatar_id":"","url":"https://api.github.com/users/harshad63001","html_url":"https://github.com/harshad63001","followers_url":"https://api.github.com/users/harshad63001/followers","following_url":"https://api.github.com/users/harshad63001/following{/other_user}","gists_url":"https://api.github.com/users/harshad63001/gists{/gist_id}","starred_url":"https://api.github.com/users/harshad63001/starred{/owner}{/repo}","subscriptions_url":"https://api.github.com/users/harshad63001/subscriptions","organizations_url":"https://api.github.com/users/harshad63001/orgs","repos_url":"https://api.github.com/users/harshad63001/repos","events_url":"https://api.github.com/users/harshad63001/events{/privacy}","received_events_url":"https://api.github.com/users/harshad63001/received_events","type":"User","site_admin":false,"name":null,"company":null,"blog":"","location":null,"email":null,"hireable":null,"bio":null,"twitter_username":null,"public_repos":8,"public_gists":0,"followers":0,"following":0,"created_at":"2020-11-22T05:54:06Z","updated_at":"2022-07-22T05:41:48Z","private_gists":0,"total_private_repos":4,"owned_private_repos":4,"disk_usage":63535,"collaborators":0,"two_factor_authentication":false,"plan":{"name":"pro","space":976562499,"collaborators":0,"private_repos":9999}}
[info] 
[info] +  Success! Logged into GitHub as harshad63001 
[info] 
